************* Module ictbot
ictbot.py:319:0: C0303: Trailing whitespace (trailing-whitespace)
ictbot.py:2263:0: C0325: Unnecessary parens after 'if' keyword (superfluous-parens)
ictbot.py:2301:0: C0325: Unnecessary parens after 'if' keyword (superfluous-parens)
ictbot.py:2362:0: C0325: Unnecessary parens after '=' keyword (superfluous-parens)
ictbot.py:2459:0: C0325: Unnecessary parens after '=' keyword (superfluous-parens)
ictbot.py:1:0: C0302: Too many lines in module (3521/1000) (too-many-lines)
ictbot.py:47:4: C0103: Constant name "_ZoneInfo" doesn't conform to UPPER_CASE naming style (invalid-name)
ictbot.py:239:4: C0103: Attribute name "trail_activation_R" doesn't conform to snake_case naming style (invalid-name)
ictbot.py:91:0: R0902: Too many instance attributes (149/7) (too-many-instance-attributes)
ictbot.py:488:0: R0902: Too many instance attributes (9/7) (too-many-instance-attributes)
ictbot.py:555:4: R0913: Too many arguments (6/5) (too-many-arguments)
ictbot.py:555:4: R0917: Too many positional arguments (6/5) (too-many-positional-arguments)
ictbot.py:584:30: C0207: Use qs_full.rsplit('signature=', maxsplit=1)[-1] instead (use-maxsplit-arg)
ictbot.py:639:16: W0707: Consider explicitly re-raising using 'raise last_exc from e' (raise-missing-from)
ictbot.py:488:0: R0904: Too many public methods (22/20) (too-many-public-methods)
ictbot.py:877:0: R0902: Too many instance attributes (54/7) (too-many-instance-attributes)
ictbot.py:975:0: R0902: Too many instance attributes (10/7) (too-many-instance-attributes)
ictbot.py:1014:20: W0613: Unused argument 'ws' (unused-argument)
ictbot.py:1018:23: W0613: Unused argument 'ws' (unused-argument)
ictbot.py:1058:21: W0613: Unused argument 'ws' (unused-argument)
ictbot.py:1061:21: W0613: Unused argument 'ws' (unused-argument)
ictbot.py:1061:0: W0613: Unused argument 'args' (unused-argument)
ictbot.py:1142:24: W0613: Unused argument 'ws' (unused-argument)
ictbot.py:1146:27: W0613: Unused argument 'ws' (unused-argument)
ictbot.py:1209:25: W0613: Unused argument 'ws' (unused-argument)
ictbot.py:1212:25: W0613: Unused argument 'ws' (unused-argument)
ictbot.py:1212:0: W0613: Unused argument 'args' (unused-argument)
ictbot.py:1259:0: R0913: Too many arguments (6/5) (too-many-arguments)
ictbot.py:1259:0: R0917: Too many positional arguments (6/5) (too-many-positional-arguments)
ictbot.py:1333:49: W0640: Cell variable m defined in loop (cell-var-from-loop)
ictbot.py:1481:0: R0913: Too many arguments (7/5) (too-many-arguments)
ictbot.py:1481:0: R0917: Too many positional arguments (7/5) (too-many-positional-arguments)
ictbot.py:1501:8: C0103: Variable name "C" doesn't conform to snake_case naming style (invalid-name)
ictbot.py:1502:8: C0103: Variable name "H" doesn't conform to snake_case naming style (invalid-name)
ictbot.py:1503:8: C0103: Variable name "L" doesn't conform to snake_case naming style (invalid-name)
ictbot.py:1534:4: C0103: Variable name "H" doesn't conform to snake_case naming style (invalid-name)
ictbot.py:1534:7: C0103: Variable name "L" doesn't conform to snake_case naming style (invalid-name)
ictbot.py:1584:27: W0613: Unused argument 'side' (unused-argument)
ictbot.py:1615:4: C0103: Variable name "H" doesn't conform to snake_case naming style (invalid-name)
ictbot.py:1615:7: C0103: Variable name "L" doesn't conform to snake_case naming style (invalid-name)
ictbot.py:1635:4: C0103: Variable name "C" doesn't conform to snake_case naming style (invalid-name)
ictbot.py:1806:18: W0613: Unused argument 'equity' (unused-argument)
ictbot.py:1856:0: R0913: Too many arguments (8/5) (too-many-arguments)
ictbot.py:1856:0: R0917: Too many positional arguments (8/5) (too-many-positional-arguments)
ictbot.py:1902:8: C0103: Variable name "oneR" doesn't conform to snake_case naming style (invalid-name)
ictbot.py:1927:0: R0913: Too many arguments (8/5) (too-many-arguments)
ictbot.py:1927:0: R0917: Too many positional arguments (8/5) (too-many-positional-arguments)
ictbot.py:2145:30: W0613: Unused argument 'st' (unused-argument)
ictbot.py:2204:0: R0913: Too many arguments (10/5) (too-many-arguments)
ictbot.py:2204:0: R0917: Too many positional arguments (10/5) (too-many-positional-arguments)
ictbot.py:2242:0: R0913: Too many arguments (7/5) (too-many-arguments)
ictbot.py:2242:0: R0917: Too many positional arguments (7/5) (too-many-positional-arguments)
ictbot.py:2256:4: C0103: Variable name "H" doesn't conform to snake_case naming style (invalid-name)
ictbot.py:2256:7: C0103: Variable name "L" doesn't conform to snake_case naming style (invalid-name)
ictbot.py:2256:10: C0103: Variable name "C" doesn't conform to snake_case naming style (invalid-name)
ictbot.py:2256:13: C0103: Variable name "Open" doesn't conform to snake_case naming style (invalid-name)
ictbot.py:2510:15: R1716: Simplify chained comparison between the operands (chained-comparison)
ictbot.py:2624:12: W0612: Unused variable 'attempt' (unused-variable)

------------------------------------------------------------------
Your code has been rated at 9.76/10 (previous run: 7.53/10, +2.23)

