************* Module ictbot
ictbot.py:31:0: C0327: Mixed line endings LF and CRLF (mixed-line-endings)
ictbot.py:32:0: C0327: Mixed line endings LF and CRLF (mixed-line-endings)
ictbot.py:36:0: C0327: Mixed line endings LF and CRLF (mixed-line-endings)
ictbot.py:50:0: C0327: Mixed line endings LF and CRLF (mixed-line-endings)
ictbot.py:54:0: C0327: Mixed line endings LF and CRLF (mixed-line-endings)
ictbot.py:63:0: C0327: Mixed line endings LF and CRLF (mixed-line-endings)
ictbot.py:98:0: C0301: Line too long (113/100) (line-too-long)
ictbot.py:99:0: C0301: Line too long (108/100) (line-too-long)
ictbot.py:113:0: C0301: Line too long (105/100) (line-too-long)
ictbot.py:114:0: C0301: Line too long (102/100) (line-too-long)
ictbot.py:115:0: C0301: Line too long (123/100) (line-too-long)
ictbot.py:126:0: C0301: Line too long (106/100) (line-too-long)
ictbot.py:133:0: C0327: Mixed line endings LF and CRLF (mixed-line-endings)
ictbot.py:134:0: C0327: Mixed line endings LF and CRLF (mixed-line-endings)
ictbot.py:139:0: C0301: Line too long (108/100) (line-too-long)
ictbot.py:139:0: C0327: Mixed line endings LF and CRLF (mixed-line-endings)
ictbot.py:140:0: C0301: Line too long (105/100) (line-too-long)
ictbot.py:141:0: C0301: Line too long (107/100) (line-too-long)
ictbot.py:141:0: C0327: Mixed line endings LF and CRLF (mixed-line-endings)
ictbot.py:145:0: C0301: Line too long (107/100) (line-too-long)
ictbot.py:145:0: C0327: Mixed line endings LF and CRLF (mixed-line-endings)
ictbot.py:146:0: C0301: Line too long (114/100) (line-too-long)
ictbot.py:147:0: C0301: Line too long (109/100) (line-too-long)
ictbot.py:151:0: C0327: Mixed line endings LF and CRLF (mixed-line-endings)
ictbot.py:153:0: C0301: Line too long (101/100) (line-too-long)
ictbot.py:153:0: C0327: Mixed line endings LF and CRLF (mixed-line-endings)
ictbot.py:154:0: C0327: Mixed line endings LF and CRLF (mixed-line-endings)
ictbot.py:156:0: C0301: Line too long (111/100) (line-too-long)
ictbot.py:158:0: C0301: Line too long (102/100) (line-too-long)
ictbot.py:158:0: C0327: Mixed line endings LF and CRLF (mixed-line-endings)
ictbot.py:159:0: C0327: Mixed line endings LF and CRLF (mixed-line-endings)
ictbot.py:160:0: C0327: Mixed line endings LF and CRLF (mixed-line-endings)
ictbot.py:161:0: C0327: Mixed line endings LF and CRLF (mixed-line-endings)
ictbot.py:162:0: C0327: Mixed line endings LF and CRLF (mixed-line-endings)
ictbot.py:164:0: C0327: Mixed line endings LF and CRLF (mixed-line-endings)
ictbot.py:185:0: C0301: Line too long (109/100) (line-too-long)
ictbot.py:185:0: C0327: Mixed line endings LF and CRLF (mixed-line-endings)
ictbot.py:186:0: C0327: Mixed line endings LF and CRLF (mixed-line-endings)
ictbot.py:187:0: C0301: Line too long (106/100) (line-too-long)
ictbot.py:188:0: C0301: Line too long (104/100) (line-too-long)
ictbot.py:194:0: C0301: Line too long (101/100) (line-too-long)
ictbot.py:200:0: C0301: Line too long (104/100) (line-too-long)
ictbot.py:203:0: C0301: Line too long (102/100) (line-too-long)
ictbot.py:209:0: C0327: Mixed line endings LF and CRLF (mixed-line-endings)
ictbot.py:216:0: C0327: Mixed line endings LF and CRLF (mixed-line-endings)
ictbot.py:217:0: C0301: Line too long (106/100) (line-too-long)
ictbot.py:217:0: C0327: Mixed line endings LF and CRLF (mixed-line-endings)
ictbot.py:218:0: C0301: Line too long (126/100) (line-too-long)
ictbot.py:221:0: C0327: Mixed line endings LF and CRLF (mixed-line-endings)
ictbot.py:227:0: C0301: Line too long (108/100) (line-too-long)
ictbot.py:236:0: C0301: Line too long (107/100) (line-too-long)
ictbot.py:240:0: C0301: Line too long (132/100) (line-too-long)
ictbot.py:241:0: C0327: Mixed line endings LF and CRLF (mixed-line-endings)
ictbot.py:242:0: C0301: Line too long (106/100) (line-too-long)
ictbot.py:248:0: C0301: Line too long (115/100) (line-too-long)
ictbot.py:251:0: C0301: Line too long (101/100) (line-too-long)
ictbot.py:253:0: C0301: Line too long (106/100) (line-too-long)
ictbot.py:253:0: C0327: Mixed line endings LF and CRLF (mixed-line-endings)
ictbot.py:257:0: C0301: Line too long (103/100) (line-too-long)
ictbot.py:260:0: C0301: Line too long (119/100) (line-too-long)
ictbot.py:269:0: C0301: Line too long (117/100) (line-too-long)
ictbot.py:270:0: C0327: Mixed line endings LF and CRLF (mixed-line-endings)
ictbot.py:274:0: C0301: Line too long (132/100) (line-too-long)
ictbot.py:275:0: C0301: Line too long (106/100) (line-too-long)
ictbot.py:276:0: C0301: Line too long (152/100) (line-too-long)
ictbot.py:277:0: C0301: Line too long (111/100) (line-too-long)
ictbot.py:278:0: C0301: Line too long (127/100) (line-too-long)
ictbot.py:279:0: C0301: Line too long (112/100) (line-too-long)
ictbot.py:282:0: C0301: Line too long (105/100) (line-too-long)
ictbot.py:283:0: C0301: Line too long (126/100) (line-too-long)
ictbot.py:283:0: C0327: Mixed line endings LF and CRLF (mixed-line-endings)
ictbot.py:284:0: C0301: Line too long (126/100) (line-too-long)
ictbot.py:293:0: C0301: Line too long (102/100) (line-too-long)
ictbot.py:296:0: C0327: Mixed line endings LF and CRLF (mixed-line-endings)
ictbot.py:297:0: C0301: Line too long (111/100) (line-too-long)
ictbot.py:299:0: C0301: Line too long (101/100) (line-too-long)
ictbot.py:302:0: C0327: Mixed line endings LF and CRLF (mixed-line-endings)
ictbot.py:306:0: C0327: Mixed line endings LF and CRLF (mixed-line-endings)
ictbot.py:307:0: C0301: Line too long (108/100) (line-too-long)
ictbot.py:307:0: C0327: Mixed line endings LF and CRLF (mixed-line-endings)
ictbot.py:310:0: C0327: Mixed line endings LF and CRLF (mixed-line-endings)
ictbot.py:312:0: C0301: Line too long (101/100) (line-too-long)
ictbot.py:316:0: C0301: Line too long (104/100) (line-too-long)
ictbot.py:318:0: C0301: Line too long (117/100) (line-too-long)
ictbot.py:319:0: C0303: Trailing whitespace (trailing-whitespace)
ictbot.py:322:0: C0327: Mixed line endings LF and CRLF (mixed-line-endings)
ictbot.py:323:0: C0301: Line too long (117/100) (line-too-long)
ictbot.py:323:0: C0327: Mixed line endings LF and CRLF (mixed-line-endings)
ictbot.py:324:0: C0301: Line too long (101/100) (line-too-long)
ictbot.py:324:0: C0327: Mixed line endings LF and CRLF (mixed-line-endings)
ictbot.py:327:0: C0327: Mixed line endings LF and CRLF (mixed-line-endings)
ictbot.py:332:0: C0327: Mixed line endings LF and CRLF (mixed-line-endings)
ictbot.py:339:0: C0327: Mixed line endings LF and CRLF (mixed-line-endings)
ictbot.py:354:0: C0327: Mixed line endings LF and CRLF (mixed-line-endings)
ictbot.py:368:0: C0327: Mixed line endings LF and CRLF (mixed-line-endings)
ictbot.py:369:0: C0327: Mixed line endings LF and CRLF (mixed-line-endings)
ictbot.py:370:0: C0327: Mixed line endings LF and CRLF (mixed-line-endings)
ictbot.py:373:0: C0327: Mixed line endings LF and CRLF (mixed-line-endings)
ictbot.py:375:0: C0327: Mixed line endings LF and CRLF (mixed-line-endings)
ictbot.py:377:0: C0327: Mixed line endings LF and CRLF (mixed-line-endings)
ictbot.py:419:0: C0327: Mixed line endings LF and CRLF (mixed-line-endings)
ictbot.py:422:0: C0327: Mixed line endings LF and CRLF (mixed-line-endings)
ictbot.py:439:0: C0327: Mixed line endings LF and CRLF (mixed-line-endings)
ictbot.py:444:0: C0327: Mixed line endings LF and CRLF (mixed-line-endings)
ictbot.py:449:0: C0327: Mixed line endings LF and CRLF (mixed-line-endings)
ictbot.py:461:0: C0327: Mixed line endings LF and CRLF (mixed-line-endings)
ictbot.py:471:0: C0327: Mixed line endings LF and CRLF (mixed-line-endings)
ictbot.py:518:0: C0327: Mixed line endings LF and CRLF (mixed-line-endings)
ictbot.py:576:0: C0327: Mixed line endings LF and CRLF (mixed-line-endings)
ictbot.py:578:0: C0327: Mixed line endings LF and CRLF (mixed-line-endings)
ictbot.py:588:0: C0327: Mixed line endings LF and CRLF (mixed-line-endings)
ictbot.py:594:0: C0301: Line too long (107/100) (line-too-long)
ictbot.py:600:0: C0301: Line too long (106/100) (line-too-long)
ictbot.py:606:0: C0301: Line too long (102/100) (line-too-long)
ictbot.py:608:0: C0301: Line too long (113/100) (line-too-long)
ictbot.py:610:0: C0301: Line too long (105/100) (line-too-long)
ictbot.py:614:0: C0301: Line too long (104/100) (line-too-long)
ictbot.py:616:0: C0327: Mixed line endings LF and CRLF (mixed-line-endings)
ictbot.py:652:0: C0301: Line too long (121/100) (line-too-long)
ictbot.py:659:0: C0301: Line too long (109/100) (line-too-long)
ictbot.py:660:0: C0301: Line too long (104/100) (line-too-long)
ictbot.py:674:0: C0301: Line too long (104/100) (line-too-long)
ictbot.py:790:0: C0301: Line too long (102/100) (line-too-long)
ictbot.py:793:0: C0301: Line too long (135/100) (line-too-long)
ictbot.py:800:0: C0301: Line too long (101/100) (line-too-long)
ictbot.py:807:0: C0301: Line too long (101/100) (line-too-long)
ictbot.py:812:0: C0301: Line too long (105/100) (line-too-long)
ictbot.py:865:0: C0301: Line too long (108/100) (line-too-long)
ictbot.py:876:0: C0327: Mixed line endings LF and CRLF (mixed-line-endings)
ictbot.py:879:0: C0327: Mixed line endings LF and CRLF (mixed-line-endings)
ictbot.py:963:0: C0327: Mixed line endings LF and CRLF (mixed-line-endings)
ictbot.py:975:0: C0327: Mixed line endings LF and CRLF (mixed-line-endings)
ictbot.py:1067:0: C0301: Line too long (108/100) (line-too-long)
ictbot.py:1105:0: C0301: Line too long (107/100) (line-too-long)
ictbot.py:1118:0: C0301: Line too long (106/100) (line-too-long)
ictbot.py:1146:0: C0327: Mixed line endings LF and CRLF (mixed-line-endings)
ictbot.py:1152:0: C0301: Line too long (103/100) (line-too-long)
ictbot.py:1159:0: C0327: Mixed line endings LF and CRLF (mixed-line-endings)
ictbot.py:1163:0: C0301: Line too long (101/100) (line-too-long)
ictbot.py:1164:0: C0327: Mixed line endings LF and CRLF (mixed-line-endings)
ictbot.py:1171:0: C0301: Line too long (110/100) (line-too-long)
ictbot.py:1171:0: C0327: Mixed line endings LF and CRLF (mixed-line-endings)
ictbot.py:1174:0: C0301: Line too long (113/100) (line-too-long)
ictbot.py:1174:0: C0327: Mixed line endings LF and CRLF (mixed-line-endings)
ictbot.py:1177:0: C0301: Line too long (104/100) (line-too-long)
ictbot.py:1178:0: C0327: Mixed line endings LF and CRLF (mixed-line-endings)
ictbot.py:1181:0: C0327: Mixed line endings LF and CRLF (mixed-line-endings)
ictbot.py:1189:0: C0301: Line too long (109/100) (line-too-long)
ictbot.py:1199:0: C0301: Line too long (119/100) (line-too-long)
ictbot.py:1203:0: C0301: Line too long (133/100) (line-too-long)
ictbot.py:1206:0: C0327: Mixed line endings LF and CRLF (mixed-line-endings)
ictbot.py:1220:0: C0301: Line too long (109/100) (line-too-long)
ictbot.py:1236:0: C0301: Line too long (102/100) (line-too-long)
ictbot.py:1245:0: C0301: Line too long (104/100) (line-too-long)
ictbot.py:1249:0: C0301: Line too long (101/100) (line-too-long)
ictbot.py:1260:0: C0301: Line too long (107/100) (line-too-long)
ictbot.py:1341:0: C0301: Line too long (102/100) (line-too-long)
ictbot.py:1375:0: C0301: Line too long (123/100) (line-too-long)
ictbot.py:1382:0: C0301: Line too long (107/100) (line-too-long)
ictbot.py:1385:0: C0301: Line too long (104/100) (line-too-long)
ictbot.py:1414:0: C0301: Line too long (108/100) (line-too-long)
ictbot.py:1499:0: C0327: Mixed line endings LF and CRLF (mixed-line-endings)
ictbot.py:1505:0: C0327: Mixed line endings LF and CRLF (mixed-line-endings)
ictbot.py:1557:0: C0301: Line too long (113/100) (line-too-long)
ictbot.py:1612:0: C0301: Line too long (102/100) (line-too-long)
ictbot.py:1708:0: C0301: Line too long (107/100) (line-too-long)
ictbot.py:1714:0: C0301: Line too long (116/100) (line-too-long)
ictbot.py:1719:0: C0301: Line too long (127/100) (line-too-long)
ictbot.py:1724:0: C0301: Line too long (128/100) (line-too-long)
ictbot.py:1738:0: C0301: Line too long (128/100) (line-too-long)
ictbot.py:1762:0: C0301: Line too long (110/100) (line-too-long)
ictbot.py:1763:0: C0301: Line too long (110/100) (line-too-long)
ictbot.py:1767:0: C0301: Line too long (114/100) (line-too-long)
ictbot.py:1771:0: C0301: Line too long (114/100) (line-too-long)
ictbot.py:1820:0: C0301: Line too long (101/100) (line-too-long)
ictbot.py:1871:0: C0301: Line too long (141/100) (line-too-long)
ictbot.py:1873:0: C0301: Line too long (125/100) (line-too-long)
ictbot.py:1970:0: C0327: Mixed line endings LF and CRLF (mixed-line-endings)
ictbot.py:1982:0: C0327: Mixed line endings LF and CRLF (mixed-line-endings)
ictbot.py:1985:0: C0301: Line too long (103/100) (line-too-long)
ictbot.py:1993:0: C0301: Line too long (107/100) (line-too-long)
ictbot.py:2018:0: C0301: Line too long (111/100) (line-too-long)
ictbot.py:2028:0: C0327: Mixed line endings LF and CRLF (mixed-line-endings)
ictbot.py:2034:0: C0301: Line too long (105/100) (line-too-long)
ictbot.py:2040:0: C0301: Line too long (102/100) (line-too-long)
ictbot.py:2051:0: C0327: Mixed line endings LF and CRLF (mixed-line-endings)
ictbot.py:2052:0: C0301: Line too long (103/100) (line-too-long)
ictbot.py:2055:0: C0327: Mixed line endings LF and CRLF (mixed-line-endings)
ictbot.py:2056:0: C0301: Line too long (106/100) (line-too-long)
ictbot.py:2065:0: C0327: Mixed line endings LF and CRLF (mixed-line-endings)
ictbot.py:2069:0: C0301: Line too long (103/100) (line-too-long)
ictbot.py:2075:0: C0327: Mixed line endings LF and CRLF (mixed-line-endings)
ictbot.py:2076:0: C0301: Line too long (102/100) (line-too-long)
ictbot.py:2085:0: C0327: Mixed line endings LF and CRLF (mixed-line-endings)
ictbot.py:2098:0: C0327: Mixed line endings LF and CRLF (mixed-line-endings)
ictbot.py:2112:0: C0301: Line too long (102/100) (line-too-long)
ictbot.py:2123:0: C0327: Mixed line endings LF and CRLF (mixed-line-endings)
ictbot.py:2133:0: C0327: Mixed line endings LF and CRLF (mixed-line-endings)
ictbot.py:2163:0: C0327: Mixed line endings LF and CRLF (mixed-line-endings)
ictbot.py:2189:0: C0301: Line too long (101/100) (line-too-long)
ictbot.py:2215:0: C0327: Mixed line endings LF and CRLF (mixed-line-endings)
ictbot.py:2235:0: C0327: Mixed line endings LF and CRLF (mixed-line-endings)
ictbot.py:2256:0: C0301: Line too long (114/100) (line-too-long)
ictbot.py:2256:0: C0327: Mixed line endings LF and CRLF (mixed-line-endings)
ictbot.py:2257:0: C0327: Mixed line endings LF and CRLF (mixed-line-endings)
ictbot.py:2263:0: C0325: Unnecessary parens after 'if' keyword (superfluous-parens)
ictbot.py:2265:0: C0327: Mixed line endings LF and CRLF (mixed-line-endings)
ictbot.py:2266:0: C0327: Mixed line endings LF and CRLF (mixed-line-endings)
ictbot.py:2273:0: C0327: Mixed line endings LF and CRLF (mixed-line-endings)
ictbot.py:2276:0: C0327: Mixed line endings LF and CRLF (mixed-line-endings)
ictbot.py:2281:0: C0327: Mixed line endings LF and CRLF (mixed-line-endings)
ictbot.py:2282:0: C0327: Mixed line endings LF and CRLF (mixed-line-endings)
ictbot.py:2283:0: C0327: Mixed line endings LF and CRLF (mixed-line-endings)
ictbot.py:2299:0: C0327: Mixed line endings LF and CRLF (mixed-line-endings)
ictbot.py:2301:0: C0325: Unnecessary parens after 'if' keyword (superfluous-parens)
ictbot.py:2303:0: C0327: Mixed line endings LF and CRLF (mixed-line-endings)
ictbot.py:2304:0: C0327: Mixed line endings LF and CRLF (mixed-line-endings)
ictbot.py:2311:0: C0327: Mixed line endings LF and CRLF (mixed-line-endings)
ictbot.py:2314:0: C0327: Mixed line endings LF and CRLF (mixed-line-endings)
ictbot.py:2319:0: C0327: Mixed line endings LF and CRLF (mixed-line-endings)
ictbot.py:2320:0: C0327: Mixed line endings LF and CRLF (mixed-line-endings)
ictbot.py:2321:0: C0327: Mixed line endings LF and CRLF (mixed-line-endings)
ictbot.py:2336:0: C0327: Mixed line endings LF and CRLF (mixed-line-endings)
ictbot.py:2345:0: C0301: Line too long (106/100) (line-too-long)
ictbot.py:2362:0: C0325: Unnecessary parens after '=' keyword (superfluous-parens)
ictbot.py:2365:0: C0301: Line too long (123/100) (line-too-long)
ictbot.py:2405:0: C0327: Mixed line endings LF and CRLF (mixed-line-endings)
ictbot.py:2415:0: C0327: Mixed line endings LF and CRLF (mixed-line-endings)
ictbot.py:2419:0: C0301: Line too long (102/100) (line-too-long)
ictbot.py:2429:0: C0327: Mixed line endings LF and CRLF (mixed-line-endings)
ictbot.py:2445:0: C0327: Mixed line endings LF and CRLF (mixed-line-endings)
ictbot.py:2448:0: C0327: Mixed line endings LF and CRLF (mixed-line-endings)
ictbot.py:2458:0: C0327: Mixed line endings LF and CRLF (mixed-line-endings)
ictbot.py:2459:0: C0325: Unnecessary parens after '=' keyword (superfluous-parens)
ictbot.py:2478:0: C0327: Mixed line endings LF and CRLF (mixed-line-endings)
ictbot.py:2484:0: C0327: Mixed line endings LF and CRLF (mixed-line-endings)
ictbot.py:2489:0: C0301: Line too long (104/100) (line-too-long)
ictbot.py:2489:0: C0327: Mixed line endings LF and CRLF (mixed-line-endings)
ictbot.py:2495:0: C0327: Mixed line endings LF and CRLF (mixed-line-endings)
ictbot.py:2496:0: C0327: Mixed line endings LF and CRLF (mixed-line-endings)
ictbot.py:2497:0: C0327: Mixed line endings LF and CRLF (mixed-line-endings)
ictbot.py:2504:0: C0327: Mixed line endings LF and CRLF (mixed-line-endings)
ictbot.py:2513:0: C0327: Mixed line endings LF and CRLF (mixed-line-endings)
ictbot.py:2580:0: C0327: Mixed line endings LF and CRLF (mixed-line-endings)
ictbot.py:2586:0: C0327: Mixed line endings LF and CRLF (mixed-line-endings)
ictbot.py:2597:0: C0301: Line too long (105/100) (line-too-long)
ictbot.py:2598:0: C0301: Line too long (117/100) (line-too-long)
ictbot.py:2598:0: C0327: Mixed line endings LF and CRLF (mixed-line-endings)
ictbot.py:2605:0: C0301: Line too long (115/100) (line-too-long)
ictbot.py:2610:0: C0327: Mixed line endings LF and CRLF (mixed-line-endings)
ictbot.py:2619:0: C0327: Mixed line endings LF and CRLF (mixed-line-endings)
ictbot.py:2628:0: C0301: Line too long (125/100) (line-too-long)
ictbot.py:2639:0: C0327: Mixed line endings LF and CRLF (mixed-line-endings)
ictbot.py:2649:0: C0327: Mixed line endings LF and CRLF (mixed-line-endings)
ictbot.py:2651:0: C0327: Mixed line endings LF and CRLF (mixed-line-endings)
ictbot.py:2658:0: C0327: Mixed line endings LF and CRLF (mixed-line-endings)
ictbot.py:2669:0: C0327: Mixed line endings LF and CRLF (mixed-line-endings)
ictbot.py:2675:0: C0301: Line too long (106/100) (line-too-long)
ictbot.py:2677:0: C0301: Line too long (102/100) (line-too-long)
ictbot.py:2681:0: C0327: Mixed line endings LF and CRLF (mixed-line-endings)
ictbot.py:2685:0: C0327: Mixed line endings LF and CRLF (mixed-line-endings)
ictbot.py:2704:0: C0301: Line too long (112/100) (line-too-long)
ictbot.py:2704:0: C0327: Mixed line endings LF and CRLF (mixed-line-endings)
ictbot.py:2708:0: C0327: Mixed line endings LF and CRLF (mixed-line-endings)
ictbot.py:2710:0: C0327: Mixed line endings LF and CRLF (mixed-line-endings)
ictbot.py:2723:0: C0327: Mixed line endings LF and CRLF (mixed-line-endings)
ictbot.py:2757:0: C0301: Line too long (107/100) (line-too-long)
ictbot.py:2764:0: C0327: Mixed line endings LF and CRLF (mixed-line-endings)
ictbot.py:2773:0: C0301: Line too long (176/100) (line-too-long)
ictbot.py:2779:0: C0327: Mixed line endings LF and CRLF (mixed-line-endings)
ictbot.py:2783:0: C0327: Mixed line endings LF and CRLF (mixed-line-endings)
ictbot.py:2790:0: C0327: Mixed line endings LF and CRLF (mixed-line-endings)
ictbot.py:2828:0: C0327: Mixed line endings LF and CRLF (mixed-line-endings)
ictbot.py:2844:0: C0327: Mixed line endings LF and CRLF (mixed-line-endings)
ictbot.py:2848:0: C0327: Mixed line endings LF and CRLF (mixed-line-endings)
ictbot.py:2849:0: C0327: Mixed line endings LF and CRLF (mixed-line-endings)
ictbot.py:2865:0: C0327: Mixed line endings LF and CRLF (mixed-line-endings)
ictbot.py:2881:0: C0327: Mixed line endings LF and CRLF (mixed-line-endings)
ictbot.py:2882:0: C0301: Line too long (120/100) (line-too-long)
ictbot.py:2892:0: C0301: Line too long (138/100) (line-too-long)
ictbot.py:2903:0: C0327: Mixed line endings LF and CRLF (mixed-line-endings)
ictbot.py:2924:0: C0327: Mixed line endings LF and CRLF (mixed-line-endings)
ictbot.py:2998:0: C0301: Line too long (126/100) (line-too-long)
ictbot.py:3019:0: C0301: Line too long (104/100) (line-too-long)
ictbot.py:3073:0: C0301: Line too long (113/100) (line-too-long)
ictbot.py:3092:0: C0301: Line too long (130/100) (line-too-long)
ictbot.py:3103:0: C0301: Line too long (104/100) (line-too-long)
ictbot.py:3107:0: C0301: Line too long (126/100) (line-too-long)
ictbot.py:3123:0: C0301: Line too long (126/100) (line-too-long)
ictbot.py:3127:0: C0301: Line too long (130/100) (line-too-long)
ictbot.py:3135:0: C0327: Mixed line endings LF and CRLF (mixed-line-endings)
ictbot.py:3139:0: C0301: Line too long (141/100) (line-too-long)
ictbot.py:3170:0: C0327: Mixed line endings LF and CRLF (mixed-line-endings)
ictbot.py:3193:0: C0301: Line too long (113/100) (line-too-long)
ictbot.py:3204:0: C0301: Line too long (103/100) (line-too-long)
ictbot.py:3251:0: C0327: Mixed line endings LF and CRLF (mixed-line-endings)
ictbot.py:3260:0: C0301: Line too long (102/100) (line-too-long)
ictbot.py:3262:0: C0301: Line too long (120/100) (line-too-long)
ictbot.py:3267:0: C0301: Line too long (125/100) (line-too-long)
ictbot.py:3280:0: C0327: Mixed line endings LF and CRLF (mixed-line-endings)
ictbot.py:3287:0: C0301: Line too long (114/100) (line-too-long)
ictbot.py:3293:0: C0301: Line too long (149/100) (line-too-long)
ictbot.py:3298:0: C0301: Line too long (109/100) (line-too-long)
ictbot.py:3308:0: C0301: Line too long (120/100) (line-too-long)
ictbot.py:3309:0: C0301: Line too long (117/100) (line-too-long)
ictbot.py:3310:0: C0301: Line too long (120/100) (line-too-long)
ictbot.py:3315:0: C0301: Line too long (145/100) (line-too-long)
ictbot.py:3329:0: C0301: Line too long (103/100) (line-too-long)
ictbot.py:3335:0: C0327: Mixed line endings LF and CRLF (mixed-line-endings)
ictbot.py:3348:0: C0301: Line too long (110/100) (line-too-long)
ictbot.py:3358:0: C0301: Line too long (124/100) (line-too-long)
ictbot.py:3364:0: C0301: Line too long (126/100) (line-too-long)
ictbot.py:3369:0: C0301: Line too long (142/100) (line-too-long)
ictbot.py:3376:0: C0301: Line too long (102/100) (line-too-long)
ictbot.py:3377:0: C0327: Mixed line endings LF and CRLF (mixed-line-endings)
ictbot.py:3390:0: C0327: Mixed line endings LF and CRLF (mixed-line-endings)
ictbot.py:3400:0: C0327: Mixed line endings LF and CRLF (mixed-line-endings)
ictbot.py:3403:0: C0327: Mixed line endings LF and CRLF (mixed-line-endings)
ictbot.py:3414:0: C0301: Line too long (155/100) (line-too-long)
ictbot.py:3416:0: C0301: Line too long (108/100) (line-too-long)
ictbot.py:3428:0: C0301: Line too long (161/100) (line-too-long)
ictbot.py:3430:0: C0301: Line too long (110/100) (line-too-long)
ictbot.py:3432:0: C0327: Mixed line endings LF and CRLF (mixed-line-endings)
ictbot.py:3439:0: C0301: Line too long (102/100) (line-too-long)
ictbot.py:3499:0: C0301: Line too long (104/100) (line-too-long)
ictbot.py:1:0: C0302: Too many lines in module (3521/1000) (too-many-lines)
ictbot.py:46:7: W0718: Catching too general exception Exception (broad-exception-caught)
ictbot.py:47:4: C0103: Constant name "_ZoneInfo" doesn't conform to UPPER_CASE naming style (invalid-name)
ictbot.py:57:7: W0718: Catching too general exception Exception (broad-exception-caught)
ictbot.py:76:11: W0718: Catching too general exception Exception (broad-exception-caught)
ictbot.py:86:11: W0718: Catching too general exception Exception (broad-exception-caught)
ictbot.py:91:0: C0115: Missing class docstring (missing-class-docstring)
ictbot.py:239:4: C0103: Attribute name "trail_activation_R" doesn't conform to snake_case naming style (invalid-name)
ictbot.py:91:0: R0902: Too many instance attributes (149/7) (too-many-instance-attributes)
ictbot.py:335:0: C0116: Missing function or method docstring (missing-function-docstring)
ictbot.py:339:0: C0116: Missing function or method docstring (missing-function-docstring)
ictbot.py:342:11: W0718: Catching too general exception Exception (broad-exception-caught)
ictbot.py:345:15: W0718: Catching too general exception Exception (broad-exception-caught)
ictbot.py:354:0: C0116: Missing function or method docstring (missing-function-docstring)
ictbot.py:362:0: C0116: Missing function or method docstring (missing-function-docstring)
ictbot.py:373:11: W0718: Catching too general exception Exception (broad-exception-caught)
ictbot.py:377:11: W0718: Catching too general exception Exception (broad-exception-caught)
ictbot.py:381:0: C0116: Missing function or method docstring (missing-function-docstring)
ictbot.py:389:8: R1705: Unnecessary "else" after "return", remove the "else" and de-indent the code inside it (no-else-return)
ictbot.py:405:0: C0116: Missing function or method docstring (missing-function-docstring)
ictbot.py:414:0: C0116: Missing function or method docstring (missing-function-docstring)
ictbot.py:428:0: C0116: Missing function or method docstring (missing-function-docstring)
ictbot.py:457:11: W0718: Catching too general exception Exception (broad-exception-caught)
ictbot.py:461:0: C0116: Missing function or method docstring (missing-function-docstring)
ictbot.py:467:0: C0116: Missing function or method docstring (missing-function-docstring)
ictbot.py:471:0: C0116: Missing function or method docstring (missing-function-docstring)
ictbot.py:479:11: W0718: Catching too general exception Exception (broad-exception-caught)
ictbot.py:488:0: C0115: Missing class docstring (missing-class-docstring)
ictbot.py:488:0: R0902: Too many instance attributes (9/7) (too-many-instance-attributes)
ictbot.py:516:15: W0718: Catching too general exception Exception (broad-exception-caught)
ictbot.py:526:4: C0116: Missing function or method docstring (missing-function-docstring)
ictbot.py:555:4: R0913: Too many arguments (6/5) (too-many-arguments)
ictbot.py:555:4: R0917: Too many positional arguments (6/5) (too-many-positional-arguments)
ictbot.py:555:4: R0914: Too many local variables (16/15) (too-many-locals)
ictbot.py:584:30: C0207: Use qs_full.rsplit('signature=', maxsplit=1)[-1] instead (use-maxsplit-arg)
ictbot.py:626:23: W0718: Catching too general exception Exception (broad-exception-caught)
ictbot.py:639:16: W0707: Consider explicitly re-raising using 'raise last_exc from e' (raise-missing-from)
ictbot.py:555:4: R0912: Too many branches (24/12) (too-many-branches)
ictbot.py:555:4: R0915: Too many statements (70/50) (too-many-statements)
ictbot.py:642:4: C0116: Missing function or method docstring (missing-function-docstring)
ictbot.py:645:4: C0116: Missing function or method docstring (missing-function-docstring)
ictbot.py:649:4: C0116: Missing function or method docstring (missing-function-docstring)
ictbot.py:654:15: W0718: Catching too general exception Exception (broad-exception-caught)
ictbot.py:658:4: C0116: Missing function or method docstring (missing-function-docstring)
ictbot.py:662:4: C0116: Missing function or method docstring (missing-function-docstring)
ictbot.py:668:15: W0718: Catching too general exception Exception (broad-exception-caught)
ictbot.py:672:4: C0116: Missing function or method docstring (missing-function-docstring)
ictbot.py:677:4: C0116: Missing function or method docstring (missing-function-docstring)
ictbot.py:686:19: W0718: Catching too general exception Exception (broad-exception-caught)
ictbot.py:709:15: W0718: Catching too general exception Exception (broad-exception-caught)
ictbot.py:694:12: R1705: Unnecessary "elif" after "return", remove the leading "el" from "elif" (no-else-return)
ictbot.py:702:27: W0718: Catching too general exception Exception (broad-exception-caught)
ictbot.py:713:4: C0116: Missing function or method docstring (missing-function-docstring)
ictbot.py:744:15: W0718: Catching too general exception Exception (broad-exception-caught)
ictbot.py:737:27: W0718: Catching too general exception Exception (broad-exception-caught)
ictbot.py:777:15: W0718: Catching too general exception Exception (broad-exception-caught)
ictbot.py:775:23: W0718: Catching too general exception Exception (broad-exception-caught)
ictbot.py:781:4: C0116: Missing function or method docstring (missing-function-docstring)
ictbot.py:784:4: C0116: Missing function or method docstring (missing-function-docstring)
ictbot.py:788:4: C0116: Missing function or method docstring (missing-function-docstring)
ictbot.py:793:4: C0116: Missing function or method docstring (missing-function-docstring)
ictbot.py:802:15: W0718: Catching too general exception Exception (broad-exception-caught)
ictbot.py:822:15: W0718: Catching too general exception Exception (broad-exception-caught)
ictbot.py:825:4: C0116: Missing function or method docstring (missing-function-docstring)
ictbot.py:829:4: C0116: Missing function or method docstring (missing-function-docstring)
ictbot.py:835:15: W0718: Catching too general exception Exception (broad-exception-caught)
ictbot.py:858:15: W0718: Catching too general exception Exception (broad-exception-caught)
ictbot.py:856:27: W0718: Catching too general exception Exception (broad-exception-caught)
ictbot.py:862:4: C0116: Missing function or method docstring (missing-function-docstring)
ictbot.py:488:0: R0904: Too many public methods (22/20) (too-many-public-methods)
ictbot.py:877:0: C0115: Missing class docstring (missing-class-docstring)
ictbot.py:877:0: R0902: Too many instance attributes (54/7) (too-many-instance-attributes)
ictbot.py:975:0: C0115: Missing class docstring (missing-class-docstring)
ictbot.py:975:0: R0902: Too many instance attributes (10/7) (too-many-instance-attributes)
ictbot.py:986:4: C0116: Missing function or method docstring (missing-function-docstring)
ictbot.py:994:4: C0116: Missing function or method docstring (missing-function-docstring)
ictbot.py:999:15: W0718: Catching too general exception Exception (broad-exception-caught)
ictbot.py:1004:15: W0718: Catching too general exception Exception (broad-exception-caught)
ictbot.py:1014:20: W0613: Unused argument 'ws' (unused-argument)
ictbot.py:1055:19: W0718: Catching too general exception Exception (broad-exception-caught)
ictbot.py:1053:31: W0718: Catching too general exception Exception (broad-exception-caught)
ictbot.py:1018:23: W0613: Unused argument 'ws' (unused-argument)
ictbot.py:1058:21: W0613: Unused argument 'ws' (unused-argument)
ictbot.py:1061:21: W0613: Unused argument 'ws' (unused-argument)
ictbot.py:1061:0: W0613: Unused argument 'args' (unused-argument)
ictbot.py:1077:19: W0718: Catching too general exception Exception (broad-exception-caught)
ictbot.py:1095:15: W0718: Catching too general exception Exception (broad-exception-caught)
ictbot.py:1091:16: W0212: Access to a protected member _request of a client class (protected-access)
ictbot.py:1108:23: W0718: Catching too general exception Exception (broad-exception-caught)
ictbot.py:1104:20: W0212: Access to a protected member _request of a client class (protected-access)
ictbot.py:1128:35: W0718: Catching too general exception Exception (broad-exception-caught)
ictbot.py:1118:36: W0212: Access to a protected member _request of a client class (protected-access)
ictbot.py:1125:39: W0718: Catching too general exception Exception (broad-exception-caught)
ictbot.py:1142:24: W0613: Unused argument 'ws' (unused-argument)
ictbot.py:1146:12: R0914: Too many local variables (19/15) (too-many-locals)
ictbot.py:1206:23: W0718: Catching too general exception Exception (broad-exception-caught)
ictbot.py:1178:31: W0718: Catching too general exception Exception (broad-exception-caught)
ictbot.py:1172:43: W0718: Catching too general exception Exception (broad-exception-caught)
ictbot.py:1147:16: R1702: Too many nested blocks (7/5) (too-many-nested-blocks)
ictbot.py:1204:35: W0718: Catching too general exception Exception (broad-exception-caught)
ictbot.py:1146:12: R0912: Too many branches (14/12) (too-many-branches)
ictbot.py:1147:16: R1702: Too many nested blocks (6/5) (too-many-nested-blocks)
ictbot.py:1146:27: W0613: Unused argument 'ws' (unused-argument)
ictbot.py:1209:25: W0613: Unused argument 'ws' (unused-argument)
ictbot.py:1212:25: W0613: Unused argument 'ws' (unused-argument)
ictbot.py:1212:0: W0613: Unused argument 'args' (unused-argument)
ictbot.py:1229:27: W0718: Catching too general exception Exception (broad-exception-caught)
ictbot.py:1240:31: W0718: Catching too general exception Exception (broad-exception-caught)
ictbot.py:1236:32: W0212: Access to a protected member _request of a client class (protected-access)
ictbot.py:1088:4: R0915: Too many statements (120/50) (too-many-statements)
ictbot.py:1259:0: R0913: Too many arguments (6/5) (too-many-arguments)
ictbot.py:1259:0: R0917: Too many positional arguments (6/5) (too-many-positional-arguments)
ictbot.py:1259:0: R0914: Too many local variables (16/15) (too-many-locals)
ictbot.py:1259:0: R0912: Too many branches (16/12) (too-many-branches)
ictbot.py:1333:49: W0640: Cell variable m defined in loop (cell-var-from-loop)
ictbot.py:1364:8: R1705: Unnecessary "else" after "return", remove the "else" and de-indent the code inside it (no-else-return)
ictbot.py:1375:0: C0116: Missing function or method docstring (missing-function-docstring)
ictbot.py:1396:0: C0116: Missing function or method docstring (missing-function-docstring)
ictbot.py:1414:0: C0116: Missing function or method docstring (missing-function-docstring)
ictbot.py:1425:0: R0914: Too many local variables (24/15) (too-many-locals)
ictbot.py:1471:0: C0116: Missing function or method docstring (missing-function-docstring)
ictbot.py:1481:0: C0116: Missing function or method docstring (missing-function-docstring)
ictbot.py:1481:0: R0913: Too many arguments (7/5) (too-many-arguments)
ictbot.py:1481:0: R0917: Too many positional arguments (7/5) (too-many-positional-arguments)
ictbot.py:1481:0: R0914: Too many local variables (23/15) (too-many-locals)
ictbot.py:1501:8: C0103: Variable name "C" doesn't conform to snake_case naming style (invalid-name)
ictbot.py:1502:8: C0103: Variable name "H" doesn't conform to snake_case naming style (invalid-name)
ictbot.py:1503:8: C0103: Variable name "L" doesn't conform to snake_case naming style (invalid-name)
ictbot.py:1530:0: C0116: Missing function or method docstring (missing-function-docstring)
ictbot.py:1534:4: C0103: Variable name "H" doesn't conform to snake_case naming style (invalid-name)
ictbot.py:1534:7: C0103: Variable name "L" doesn't conform to snake_case naming style (invalid-name)
ictbot.py:1557:0: C0116: Missing function or method docstring (missing-function-docstring)
ictbot.py:1602:15: W0718: Catching too general exception Exception (broad-exception-caught)
ictbot.py:1584:27: W0613: Unused argument 'side' (unused-argument)
ictbot.py:1612:0: C0116: Missing function or method docstring (missing-function-docstring)
ictbot.py:1615:4: C0103: Variable name "H" doesn't conform to snake_case naming style (invalid-name)
ictbot.py:1615:7: C0103: Variable name "L" doesn't conform to snake_case naming style (invalid-name)
ictbot.py:1631:0: C0116: Missing function or method docstring (missing-function-docstring)
ictbot.py:1635:4: C0103: Variable name "C" doesn't conform to snake_case naming style (invalid-name)
ictbot.py:1691:11: W0718: Catching too general exception Exception (broad-exception-caught)
ictbot.py:1698:0: C0116: Missing function or method docstring (missing-function-docstring)
ictbot.py:1698:0: R0914: Too many local variables (26/15) (too-many-locals)
ictbot.py:1698:0: R0912: Too many branches (23/12) (too-many-branches)
ictbot.py:1698:0: R0915: Too many statements (56/50) (too-many-statements)
ictbot.py:1777:0: C0116: Missing function or method docstring (missing-function-docstring)
ictbot.py:1797:0: C0116: Missing function or method docstring (missing-function-docstring)
ictbot.py:1806:0: C0116: Missing function or method docstring (missing-function-docstring)
ictbot.py:1806:18: W0613: Unused argument 'equity' (unused-argument)
ictbot.py:1817:0: C0116: Missing function or method docstring (missing-function-docstring)
ictbot.py:1835:0: C0116: Missing function or method docstring (missing-function-docstring)
ictbot.py:1844:0: C0116: Missing function or method docstring (missing-function-docstring)
ictbot.py:1850:15: W0718: Catching too general exception Exception (broad-exception-caught)
ictbot.py:1856:0: C0116: Missing function or method docstring (missing-function-docstring)
ictbot.py:1856:0: R0913: Too many arguments (8/5) (too-many-arguments)
ictbot.py:1856:0: R0917: Too many positional arguments (8/5) (too-many-positional-arguments)
ictbot.py:1856:0: R0914: Too many local variables (22/15) (too-many-locals)
ictbot.py:1902:8: C0103: Variable name "oneR" doesn't conform to snake_case naming style (invalid-name)
ictbot.py:1918:11: W0718: Catching too general exception Exception (broad-exception-caught)
ictbot.py:1856:0: R0912: Too many branches (15/12) (too-many-branches)
ictbot.py:1927:0: C0116: Missing function or method docstring (missing-function-docstring)
ictbot.py:1927:0: R0913: Too many arguments (8/5) (too-many-arguments)
ictbot.py:1927:0: R0917: Too many positional arguments (8/5) (too-many-positional-arguments)
ictbot.py:1927:0: R0914: Too many local variables (27/15) (too-many-locals)
ictbot.py:1943:15: W0718: Catching too general exception Exception (broad-exception-caught)
ictbot.py:2007:11: W0718: Catching too general exception Exception (broad-exception-caught)
ictbot.py:2005:15: W0718: Catching too general exception Exception (broad-exception-caught)
ictbot.py:2024:15: W0718: Catching too general exception Exception (broad-exception-caught)
ictbot.py:2047:15: W0718: Catching too general exception Exception (broad-exception-caught)
ictbot.py:2045:23: W0718: Catching too general exception Exception (broad-exception-caught)
ictbot.py:1927:0: R0912: Too many branches (28/12) (too-many-branches)
ictbot.py:1927:0: R0915: Too many statements (77/50) (too-many-statements)
ictbot.py:2028:4: R1702: Too many nested blocks (7/5) (too-many-nested-blocks)
ictbot.py:2065:11: W0718: Catching too general exception Exception (broad-exception-caught)
ictbot.py:2063:23: W0718: Catching too general exception Exception (broad-exception-caught)
ictbot.py:2085:11: W0718: Catching too general exception Exception (broad-exception-caught)
ictbot.py:2083:23: W0718: Catching too general exception Exception (broad-exception-caught)
ictbot.py:2098:0: C0116: Missing function or method docstring (missing-function-docstring)
ictbot.py:2118:11: W0718: Catching too general exception Exception (broad-exception-caught)
ictbot.py:2122:0: C0116: Missing function or method docstring (missing-function-docstring)
ictbot.py:2128:11: W0718: Catching too general exception Exception (broad-exception-caught)
ictbot.py:2133:0: C0116: Missing function or method docstring (missing-function-docstring)
ictbot.py:2141:11: W0718: Catching too general exception Exception (broad-exception-caught)
ictbot.py:2145:0: C0116: Missing function or method docstring (missing-function-docstring)
ictbot.py:2159:11: W0718: Catching too general exception Exception (broad-exception-caught)
ictbot.py:2145:30: W0613: Unused argument 'st' (unused-argument)
ictbot.py:2163:0: C0116: Missing function or method docstring (missing-function-docstring)
ictbot.py:2167:11: W0718: Catching too general exception Exception (broad-exception-caught)
ictbot.py:2171:0: C0116: Missing function or method docstring (missing-function-docstring)
ictbot.py:2193:11: W0718: Catching too general exception Exception (broad-exception-caught)
ictbot.py:2204:0: C0116: Missing function or method docstring (missing-function-docstring)
ictbot.py:2204:0: R0913: Too many arguments (10/5) (too-many-arguments)
ictbot.py:2204:0: R0917: Too many positional arguments (10/5) (too-many-positional-arguments)
ictbot.py:2204:0: R0914: Too many local variables (21/15) (too-many-locals)
ictbot.py:2235:0: C0116: Missing function or method docstring (missing-function-docstring)
ictbot.py:2242:0: C0116: Missing function or method docstring (missing-function-docstring)
ictbot.py:2242:0: R0913: Too many arguments (7/5) (too-many-arguments)
ictbot.py:2242:0: R0917: Too many positional arguments (7/5) (too-many-positional-arguments)
ictbot.py:2242:0: R0914: Too many local variables (29/15) (too-many-locals)
ictbot.py:2256:4: C0103: Variable name "H" doesn't conform to snake_case naming style (invalid-name)
ictbot.py:2256:7: C0103: Variable name "L" doesn't conform to snake_case naming style (invalid-name)
ictbot.py:2256:10: C0103: Variable name "C" doesn't conform to snake_case naming style (invalid-name)
ictbot.py:2256:13: C0103: Variable name "Open" doesn't conform to snake_case naming style (invalid-name)
ictbot.py:2242:0: R0912: Too many branches (17/12) (too-many-branches)
ictbot.py:2242:0: R0915: Too many statements (55/50) (too-many-statements)
ictbot.py:2366:11: W0718: Catching too general exception Exception (broad-exception-caught)
ictbot.py:2370:0: R0914: Too many local variables (27/15) (too-many-locals)
ictbot.py:2470:11: W0718: Catching too general exception Exception (broad-exception-caught)
ictbot.py:2401:19: W0718: Catching too general exception Exception (broad-exception-caught)
ictbot.py:2456:19: W0718: Catching too general exception Exception (broad-exception-caught)
ictbot.py:2370:0: R0912: Too many branches (25/12) (too-many-branches)
ictbot.py:2370:0: R0915: Too many statements (74/50) (too-many-statements)
ictbot.py:2484:11: W0718: Catching too general exception Exception (broad-exception-caught)
ictbot.py:2510:15: R1716: Simplify chained comparison between the operands (chained-comparison)
ictbot.py:2541:15: W0718: Catching too general exception Exception (broad-exception-caught)
ictbot.py:2576:11: W0718: Catching too general exception Exception (broad-exception-caught)
ictbot.py:2622:11: W0718: Catching too general exception Exception (broad-exception-caught)
ictbot.py:2630:19: W0718: Catching too general exception Exception (broad-exception-caught)
ictbot.py:2624:12: W0612: Unused variable 'attempt' (unused-variable)
ictbot.py:2639:0: C0116: Missing function or method docstring (missing-function-docstring)
ictbot.py:2656:19: W0718: Catching too general exception Exception (broad-exception-caught)
ictbot.py:2662:19: W0718: Catching too general exception Exception (broad-exception-caught)
ictbot.py:2667:19: W0718: Catching too general exception Exception (broad-exception-caught)
ictbot.py:2672:19: W0718: Catching too general exception Exception (broad-exception-caught)
ictbot.py:2639:0: R0912: Too many branches (17/12) (too-many-branches)
ictbot.py:2699:11: W0718: Catching too general exception Exception (broad-exception-caught)
ictbot.py:2704:0: R0914: Too many local variables (17/15) (too-many-locals)
ictbot.py:2735:11: W0718: Catching too general exception Exception (broad-exception-caught)
ictbot.py:2740:11: W0718: Catching too general exception Exception (broad-exception-caught)
ictbot.py:2704:0: R0912: Too many branches (15/12) (too-many-branches)
ictbot.py:2704:0: R0915: Too many statements (61/50) (too-many-statements)
ictbot.py:2783:0: C0116: Missing function or method docstring (missing-function-docstring)
ictbot.py:2803:0: C0116: Missing function or method docstring (missing-function-docstring)
ictbot.py:2822:11: W0718: Catching too general exception Exception (broad-exception-caught)
ictbot.py:2818:15: W0718: Catching too general exception Exception (broad-exception-caught)
ictbot.py:2833:4: R1705: Unnecessary "else" after "return", remove the "else" and de-indent the code inside it (no-else-return)
ictbot.py:2861:11: W0718: Catching too general exception Exception (broad-exception-caught)
ictbot.py:2855:23: W0718: Catching too general exception Exception (broad-exception-caught)
ictbot.py:2865:0: C0116: Missing function or method docstring (missing-function-docstring)
ictbot.py:2865:0: R0914: Too many local variables (95/15) (too-many-locals)
ictbot.py:2877:11: W0718: Catching too general exception Exception (broad-exception-caught)
ictbot.py:2913:19: W0718: Catching too general exception Exception (broad-exception-caught)
ictbot.py:2920:19: W0718: Catching too general exception Exception (broad-exception-caught)
ictbot.py:2926:11: W0718: Catching too general exception Exception (broad-exception-caught)
ictbot.py:3509:15: W0718: Catching too general exception Exception (broad-exception-caught)
ictbot.py:2951:23: W0718: Catching too general exception Exception (broad-exception-caught)
ictbot.py:2967:27: W0718: Catching too general exception Exception (broad-exception-caught)
ictbot.py:2938:4: R1702: Too many nested blocks (6/5) (too-many-nested-blocks)
ictbot.py:2976:23: W0718: Catching too general exception Exception (broad-exception-caught)
ictbot.py:3001:12: R1724: Unnecessary "else" after "continue", remove the "else" and de-indent the code inside it (no-else-continue)
ictbot.py:3008:23: W0718: Catching too general exception Exception (broad-exception-caught)
ictbot.py:3023:23: W0718: Catching too general exception Exception (broad-exception-caught)
ictbot.py:3151:27: W0718: Catching too general exception Exception (broad-exception-caught)
ictbot.py:3196:27: W0718: Catching too general exception Exception (broad-exception-caught)
ictbot.py:3207:27: W0718: Catching too general exception Exception (broad-exception-caught)
ictbot.py:3221:20: R1724: Unnecessary "else" after "continue", remove the "else" and de-indent the code inside it (no-else-continue)
ictbot.py:3228:31: W0718: Catching too general exception Exception (broad-exception-caught)
ictbot.py:3235:20: R1724: Unnecessary "else" after "continue", remove the "else" and de-indent the code inside it (no-else-continue)
ictbot.py:3242:31: W0718: Catching too general exception Exception (broad-exception-caught)
ictbot.py:3285:31: W0718: Catching too general exception Exception (broad-exception-caught)
ictbot.py:3296:31: W0718: Catching too general exception Exception (broad-exception-caught)
ictbot.py:3318:27: W0718: Catching too general exception Exception (broad-exception-caught)
ictbot.py:3306:29: W0212: Access to a protected member _quote_asset of a client class (protected-access)
ictbot.py:3313:35: W0718: Catching too general exception Exception (broad-exception-caught)
ictbot.py:3327:31: W0718: Catching too general exception Exception (broad-exception-caught)
ictbot.py:3370:27: W0718: Catching too general exception Exception (broad-exception-caught)
ictbot.py:3353:35: W0718: Catching too general exception Exception (broad-exception-caught)
ictbot.py:3096:12: R1702: Too many nested blocks (6/5) (too-many-nested-blocks)
ictbot.py:3366:35: W0718: Catching too general exception Exception (broad-exception-caught)
ictbot.py:3362:37: W0212: Access to a protected member _quote_asset of a client class (protected-access)
ictbot.py:3096:12: R1702: Too many nested blocks (6/5) (too-many-nested-blocks)
ictbot.py:3432:27: W0718: Catching too general exception Exception (broad-exception-caught)
ictbot.py:3415:35: W0718: Catching too general exception Exception (broad-exception-caught)
ictbot.py:3429:35: W0718: Catching too general exception Exception (broad-exception-caught)
ictbot.py:3440:27: W0718: Catching too general exception Exception (broad-exception-caught)
ictbot.py:3465:27: W0718: Catching too general exception Exception (broad-exception-caught)
ictbot.py:2865:0: R0912: Too many branches (113/12) (too-many-branches)
ictbot.py:2865:0: R0915: Too many statements (427/50) (too-many-statements)

-----------------------------------
Your code has been rated at 7.53/10

